Not Found: /favicon.ico
Unauthorized: /image/
Internal Server Error: /auth/login/
Traceback (most recent call last):
  File "C:\Users\Michael\.virtualenvs\product-info-44_LSJ9R\lib\site-packages\django\db\backends\utils.py", line 84, in _execute
    return self.cursor.execute(sql, params)
  File "C:\Users\Michael\.virtualenvs\product-info-44_LSJ9R\lib\site-packages\django\db\backends\sqlite3\base.py", line 423, in execute
    return Database.Cursor.execute(self, query, params)
sqlite3.OperationalError: database is locked

The above exception was the direct cause of the following exception:

Traceback (most recent call last):
  File "C:\Users\Michael\.virtualenvs\product-info-44_LSJ9R\lib\site-packages\django\core\handlers\exception.py", line 47, in inner
    response = get_response(request)
  File "C:\Users\Michael\.virtualenvs\product-info-44_LSJ9R\lib\site-packages\django\core\handlers\base.py", line 181, in _get_response
    response = wrapped_callback(request, *callback_args, **callback_kwargs)
  File "C:\Users\Michael\.virtualenvs\product-info-44_LSJ9R\lib\site-packages\django\views\decorators\csrf.py", line 54, in wrapped_view
    return view_func(*args, **kwargs)
  File "C:\Users\Michael\.virtualenvs\product-info-44_LSJ9R\lib\site-packages\django\views\generic\base.py", line 70, in view
    return self.dispatch(request, *args, **kwargs)
  File "C:\Users\Michael\.virtualenvs\product-info-44_LSJ9R\lib\site-packages\rest_framework\views.py", line 509, in dispatch
    response = self.handle_exception(exc)
  File "C:\Users\Michael\.virtualenvs\product-info-44_LSJ9R\lib\site-packages\rest_framework\views.py", line 469, in handle_exception
    self.raise_uncaught_exception(exc)
  File "C:\Users\Michael\.virtualenvs\product-info-44_LSJ9R\lib\site-packages\rest_framework\views.py", line 480, in raise_uncaught_exception
    raise exc
  File "C:\Users\Michael\.virtualenvs\product-info-44_LSJ9R\lib\site-packages\rest_framework\views.py", line 506, in dispatch
    response = handler(request, *args, **kwargs)
  File "C:\Users\Michael\.virtualenvs\product-info-44_LSJ9R\lib\site-packages\rest_framework_simplejwt\views.py", line 27, in post
    serializer.is_valid(raise_exception=True)
  File "C:\Users\Michael\.virtualenvs\product-info-44_LSJ9R\lib\site-packages\rest_framework\serializers.py", line 220, in is_valid
    self._validated_data = self.run_validation(self.initial_data)
  File "C:\Users\Michael\.virtualenvs\product-info-44_LSJ9R\lib\site-packages\rest_framework\serializers.py", line 422, in run_validation
    value = self.validate(value)
  File "C:\Users\Michael\.virtualenvs\product-info-44_LSJ9R\lib\site-packages\rest_framework_simplejwt\serializers.py", line 66, in validate
    refresh = self.get_token(self.user)
  File "C:\Users\Michael\.virtualenvs\product-info-44_LSJ9R\lib\site-packages\rest_framework_simplejwt\serializers.py", line 61, in get_token
    return RefreshToken.for_user(user)
  File "C:\Users\Michael\.virtualenvs\product-info-44_LSJ9R\lib\site-packages\rest_framework_simplejwt\tokens.py", line 225, in for_user
    OutstandingToken.objects.create(
  File "C:\Users\Michael\.virtualenvs\product-info-44_LSJ9R\lib\site-packages\django\db\models\manager.py", line 85, in manager_method
    return getattr(self.get_queryset(), name)(*args, **kwargs)
  File "C:\Users\Michael\.virtualenvs\product-info-44_LSJ9R\lib\site-packages\django\db\models\query.py", line 453, in create
    obj.save(force_insert=True, using=self.db)
  File "C:\Users\Michael\.virtualenvs\product-info-44_LSJ9R\lib\site-packages\django\db\models\base.py", line 726, in save
    self.save_base(using=using, force_insert=force_insert,
  File "C:\Users\Michael\.virtualenvs\product-info-44_LSJ9R\lib\site-packages\django\db\models\base.py", line 763, in save_base
    updated = self._save_table(
  File "C:\Users\Michael\.virtualenvs\product-info-44_LSJ9R\lib\site-packages\django\db\models\base.py", line 868, in _save_table
    results = self._do_insert(cls._base_manager, using, fields, returning_fields, raw)
  File "C:\Users\Michael\.virtualenvs\product-info-44_LSJ9R\lib\site-packages\django\db\models\base.py", line 906, in _do_insert
    return manager._insert(
  File "C:\Users\Michael\.virtualenvs\product-info-44_LSJ9R\lib\site-packages\django\db\models\manager.py", line 85, in manager_method
    return getattr(self.get_queryset(), name)(*args, **kwargs)
  File "C:\Users\Michael\.virtualenvs\product-info-44_LSJ9R\lib\site-packages\django\db\models\query.py", line 1270, in _insert
    return query.get_compiler(using=using).execute_sql(returning_fields)
  File "C:\Users\Michael\.virtualenvs\product-info-44_LSJ9R\lib\site-packages\django\db\models\sql\compiler.py", line 1416, in execute_sql
    cursor.execute(sql, params)
  File "C:\Users\Michael\.virtualenvs\product-info-44_LSJ9R\lib\site-packages\django\db\backends\utils.py", line 98, in execute
    return super().execute(sql, params)
  File "C:\Users\Michael\.virtualenvs\product-info-44_LSJ9R\lib\site-packages\django\db\backends\utils.py", line 66, in execute
    return self._execute_with_wrappers(sql, params, many=False, executor=self._execute)
  File "C:\Users\Michael\.virtualenvs\product-info-44_LSJ9R\lib\site-packages\django\db\backends\utils.py", line 75, in _execute_with_wrappers
    return executor(sql, params, many, context)
  File "C:\Users\Michael\.virtualenvs\product-info-44_LSJ9R\lib\site-packages\django\db\backends\utils.py", line 84, in _execute
    return self.cursor.execute(sql, params)
  File "C:\Users\Michael\.virtualenvs\product-info-44_LSJ9R\lib\site-packages\django\db\utils.py", line 90, in __exit__
    raise dj_exc_value.with_traceback(traceback) from exc_value
  File "C:\Users\Michael\.virtualenvs\product-info-44_LSJ9R\lib\site-packages\django\db\backends\utils.py", line 84, in _execute
    return self.cursor.execute(sql, params)
  File "C:\Users\Michael\.virtualenvs\product-info-44_LSJ9R\lib\site-packages\django\db\backends\sqlite3\base.py", line 423, in execute
    return Database.Cursor.execute(self, query, params)
django.db.utils.OperationalError: database is locked
Internal Server Error: /auth/login/
Traceback (most recent call last):
  File "C:\Users\Michael\.virtualenvs\product-info-44_LSJ9R\lib\site-packages\django\db\backends\utils.py", line 84, in _execute
    return self.cursor.execute(sql, params)
  File "C:\Users\Michael\.virtualenvs\product-info-44_LSJ9R\lib\site-packages\django\db\backends\sqlite3\base.py", line 423, in execute
    return Database.Cursor.execute(self, query, params)
sqlite3.OperationalError: database is locked

The above exception was the direct cause of the following exception:

Traceback (most recent call last):
  File "C:\Users\Michael\.virtualenvs\product-info-44_LSJ9R\lib\site-packages\django\core\handlers\exception.py", line 47, in inner
    response = get_response(request)
  File "C:\Users\Michael\.virtualenvs\product-info-44_LSJ9R\lib\site-packages\django\core\handlers\base.py", line 181, in _get_response
    response = wrapped_callback(request, *callback_args, **callback_kwargs)
  File "C:\Users\Michael\.virtualenvs\product-info-44_LSJ9R\lib\site-packages\django\views\decorators\csrf.py", line 54, in wrapped_view
    return view_func(*args, **kwargs)
  File "C:\Users\Michael\.virtualenvs\product-info-44_LSJ9R\lib\site-packages\django\views\generic\base.py", line 70, in view
    return self.dispatch(request, *args, **kwargs)
  File "C:\Users\Michael\.virtualenvs\product-info-44_LSJ9R\lib\site-packages\rest_framework\views.py", line 509, in dispatch
    response = self.handle_exception(exc)
  File "C:\Users\Michael\.virtualenvs\product-info-44_LSJ9R\lib\site-packages\rest_framework\views.py", line 469, in handle_exception
    self.raise_uncaught_exception(exc)
  File "C:\Users\Michael\.virtualenvs\product-info-44_LSJ9R\lib\site-packages\rest_framework\views.py", line 480, in raise_uncaught_exception
    raise exc
  File "C:\Users\Michael\.virtualenvs\product-info-44_LSJ9R\lib\site-packages\rest_framework\views.py", line 506, in dispatch
    response = handler(request, *args, **kwargs)
  File "C:\Users\Michael\.virtualenvs\product-info-44_LSJ9R\lib\site-packages\rest_framework_simplejwt\views.py", line 27, in post
    serializer.is_valid(raise_exception=True)
  File "C:\Users\Michael\.virtualenvs\product-info-44_LSJ9R\lib\site-packages\rest_framework\serializers.py", line 220, in is_valid
    self._validated_data = self.run_validation(self.initial_data)
  File "C:\Users\Michael\.virtualenvs\product-info-44_LSJ9R\lib\site-packages\rest_framework\serializers.py", line 422, in run_validation
    value = self.validate(value)
  File "C:\Users\Michael\.virtualenvs\product-info-44_LSJ9R\lib\site-packages\rest_framework_simplejwt\serializers.py", line 66, in validate
    refresh = self.get_token(self.user)
  File "C:\Users\Michael\.virtualenvs\product-info-44_LSJ9R\lib\site-packages\rest_framework_simplejwt\serializers.py", line 61, in get_token
    return RefreshToken.for_user(user)
  File "C:\Users\Michael\.virtualenvs\product-info-44_LSJ9R\lib\site-packages\rest_framework_simplejwt\tokens.py", line 225, in for_user
    OutstandingToken.objects.create(
  File "C:\Users\Michael\.virtualenvs\product-info-44_LSJ9R\lib\site-packages\django\db\models\manager.py", line 85, in manager_method
    return getattr(self.get_queryset(), name)(*args, **kwargs)
  File "C:\Users\Michael\.virtualenvs\product-info-44_LSJ9R\lib\site-packages\django\db\models\query.py", line 453, in create
    obj.save(force_insert=True, using=self.db)
  File "C:\Users\Michael\.virtualenvs\product-info-44_LSJ9R\lib\site-packages\django\db\models\base.py", line 726, in save
    self.save_base(using=using, force_insert=force_insert,
  File "C:\Users\Michael\.virtualenvs\product-info-44_LSJ9R\lib\site-packages\django\db\models\base.py", line 763, in save_base
    updated = self._save_table(
  File "C:\Users\Michael\.virtualenvs\product-info-44_LSJ9R\lib\site-packages\django\db\models\base.py", line 868, in _save_table
    results = self._do_insert(cls._base_manager, using, fields, returning_fields, raw)
  File "C:\Users\Michael\.virtualenvs\product-info-44_LSJ9R\lib\site-packages\django\db\models\base.py", line 906, in _do_insert
    return manager._insert(
  File "C:\Users\Michael\.virtualenvs\product-info-44_LSJ9R\lib\site-packages\django\db\models\manager.py", line 85, in manager_method
    return getattr(self.get_queryset(), name)(*args, **kwargs)
  File "C:\Users\Michael\.virtualenvs\product-info-44_LSJ9R\lib\site-packages\django\db\models\query.py", line 1270, in _insert
    return query.get_compiler(using=using).execute_sql(returning_fields)
  File "C:\Users\Michael\.virtualenvs\product-info-44_LSJ9R\lib\site-packages\django\db\models\sql\compiler.py", line 1416, in execute_sql
    cursor.execute(sql, params)
  File "C:\Users\Michael\.virtualenvs\product-info-44_LSJ9R\lib\site-packages\django\db\backends\utils.py", line 98, in execute
    return super().execute(sql, params)
  File "C:\Users\Michael\.virtualenvs\product-info-44_LSJ9R\lib\site-packages\django\db\backends\utils.py", line 66, in execute
    return self._execute_with_wrappers(sql, params, many=False, executor=self._execute)
  File "C:\Users\Michael\.virtualenvs\product-info-44_LSJ9R\lib\site-packages\django\db\backends\utils.py", line 75, in _execute_with_wrappers
    return executor(sql, params, many, context)
  File "C:\Users\Michael\.virtualenvs\product-info-44_LSJ9R\lib\site-packages\django\db\backends\utils.py", line 84, in _execute
    return self.cursor.execute(sql, params)
  File "C:\Users\Michael\.virtualenvs\product-info-44_LSJ9R\lib\site-packages\django\db\utils.py", line 90, in __exit__
    raise dj_exc_value.with_traceback(traceback) from exc_value
  File "C:\Users\Michael\.virtualenvs\product-info-44_LSJ9R\lib\site-packages\django\db\backends\utils.py", line 84, in _execute
    return self.cursor.execute(sql, params)
  File "C:\Users\Michael\.virtualenvs\product-info-44_LSJ9R\lib\site-packages\django\db\backends\sqlite3\base.py", line 423, in execute
    return Database.Cursor.execute(self, query, params)
django.db.utils.OperationalError: database is locked
Internal Server Error: /auth/login/
Traceback (most recent call last):
  File "C:\Users\Michael\.virtualenvs\product-info-44_LSJ9R\lib\site-packages\django\db\backends\utils.py", line 84, in _execute
    return self.cursor.execute(sql, params)
  File "C:\Users\Michael\.virtualenvs\product-info-44_LSJ9R\lib\site-packages\django\db\backends\sqlite3\base.py", line 423, in execute
    return Database.Cursor.execute(self, query, params)
sqlite3.OperationalError: database is locked

The above exception was the direct cause of the following exception:

Traceback (most recent call last):
  File "C:\Users\Michael\.virtualenvs\product-info-44_LSJ9R\lib\site-packages\django\core\handlers\exception.py", line 47, in inner
    response = get_response(request)
  File "C:\Users\Michael\.virtualenvs\product-info-44_LSJ9R\lib\site-packages\django\core\handlers\base.py", line 181, in _get_response
    response = wrapped_callback(request, *callback_args, **callback_kwargs)
  File "C:\Users\Michael\.virtualenvs\product-info-44_LSJ9R\lib\site-packages\django\views\decorators\csrf.py", line 54, in wrapped_view
    return view_func(*args, **kwargs)
  File "C:\Users\Michael\.virtualenvs\product-info-44_LSJ9R\lib\site-packages\django\views\generic\base.py", line 70, in view
    return self.dispatch(request, *args, **kwargs)
  File "C:\Users\Michael\.virtualenvs\product-info-44_LSJ9R\lib\site-packages\rest_framework\views.py", line 509, in dispatch
    response = self.handle_exception(exc)
  File "C:\Users\Michael\.virtualenvs\product-info-44_LSJ9R\lib\site-packages\rest_framework\views.py", line 469, in handle_exception
    self.raise_uncaught_exception(exc)
  File "C:\Users\Michael\.virtualenvs\product-info-44_LSJ9R\lib\site-packages\rest_framework\views.py", line 480, in raise_uncaught_exception
    raise exc
  File "C:\Users\Michael\.virtualenvs\product-info-44_LSJ9R\lib\site-packages\rest_framework\views.py", line 506, in dispatch
    response = handler(request, *args, **kwargs)
  File "C:\Users\Michael\.virtualenvs\product-info-44_LSJ9R\lib\site-packages\rest_framework_simplejwt\views.py", line 27, in post
    serializer.is_valid(raise_exception=True)
  File "C:\Users\Michael\.virtualenvs\product-info-44_LSJ9R\lib\site-packages\rest_framework\serializers.py", line 220, in is_valid
    self._validated_data = self.run_validation(self.initial_data)
  File "C:\Users\Michael\.virtualenvs\product-info-44_LSJ9R\lib\site-packages\rest_framework\serializers.py", line 422, in run_validation
    value = self.validate(value)
  File "C:\Users\Michael\.virtualenvs\product-info-44_LSJ9R\lib\site-packages\rest_framework_simplejwt\serializers.py", line 66, in validate
    refresh = self.get_token(self.user)
  File "C:\Users\Michael\.virtualenvs\product-info-44_LSJ9R\lib\site-packages\rest_framework_simplejwt\serializers.py", line 61, in get_token
    return RefreshToken.for_user(user)
  File "C:\Users\Michael\.virtualenvs\product-info-44_LSJ9R\lib\site-packages\rest_framework_simplejwt\tokens.py", line 225, in for_user
    OutstandingToken.objects.create(
  File "C:\Users\Michael\.virtualenvs\product-info-44_LSJ9R\lib\site-packages\django\db\models\manager.py", line 85, in manager_method
    return getattr(self.get_queryset(), name)(*args, **kwargs)
  File "C:\Users\Michael\.virtualenvs\product-info-44_LSJ9R\lib\site-packages\django\db\models\query.py", line 453, in create
    obj.save(force_insert=True, using=self.db)
  File "C:\Users\Michael\.virtualenvs\product-info-44_LSJ9R\lib\site-packages\django\db\models\base.py", line 726, in save
    self.save_base(using=using, force_insert=force_insert,
  File "C:\Users\Michael\.virtualenvs\product-info-44_LSJ9R\lib\site-packages\django\db\models\base.py", line 763, in save_base
    updated = self._save_table(
  File "C:\Users\Michael\.virtualenvs\product-info-44_LSJ9R\lib\site-packages\django\db\models\base.py", line 868, in _save_table
    results = self._do_insert(cls._base_manager, using, fields, returning_fields, raw)
  File "C:\Users\Michael\.virtualenvs\product-info-44_LSJ9R\lib\site-packages\django\db\models\base.py", line 906, in _do_insert
    return manager._insert(
  File "C:\Users\Michael\.virtualenvs\product-info-44_LSJ9R\lib\site-packages\django\db\models\manager.py", line 85, in manager_method
    return getattr(self.get_queryset(), name)(*args, **kwargs)
  File "C:\Users\Michael\.virtualenvs\product-info-44_LSJ9R\lib\site-packages\django\db\models\query.py", line 1270, in _insert
    return query.get_compiler(using=using).execute_sql(returning_fields)
  File "C:\Users\Michael\.virtualenvs\product-info-44_LSJ9R\lib\site-packages\django\db\models\sql\compiler.py", line 1416, in execute_sql
    cursor.execute(sql, params)
  File "C:\Users\Michael\.virtualenvs\product-info-44_LSJ9R\lib\site-packages\django\db\backends\utils.py", line 98, in execute
    return super().execute(sql, params)
  File "C:\Users\Michael\.virtualenvs\product-info-44_LSJ9R\lib\site-packages\django\db\backends\utils.py", line 66, in execute
    return self._execute_with_wrappers(sql, params, many=False, executor=self._execute)
  File "C:\Users\Michael\.virtualenvs\product-info-44_LSJ9R\lib\site-packages\django\db\backends\utils.py", line 75, in _execute_with_wrappers
    return executor(sql, params, many, context)
  File "C:\Users\Michael\.virtualenvs\product-info-44_LSJ9R\lib\site-packages\django\db\backends\utils.py", line 84, in _execute
    return self.cursor.execute(sql, params)
  File "C:\Users\Michael\.virtualenvs\product-info-44_LSJ9R\lib\site-packages\django\db\utils.py", line 90, in __exit__
    raise dj_exc_value.with_traceback(traceback) from exc_value
  File "C:\Users\Michael\.virtualenvs\product-info-44_LSJ9R\lib\site-packages\django\db\backends\utils.py", line 84, in _execute
    return self.cursor.execute(sql, params)
  File "C:\Users\Michael\.virtualenvs\product-info-44_LSJ9R\lib\site-packages\django\db\backends\sqlite3\base.py", line 423, in execute
    return Database.Cursor.execute(self, query, params)
django.db.utils.OperationalError: database is locked
Not Found: /favicon.ico
Not Found: /babel/parser/lib/index.js
Not Found: /babel/parser/lib/index.js
Not Found: /babel/parser/lib/index.js
Not Found: /babel/parser/lib/index.js
Not Found: /babel/parser/lib/index.js
Not Found: /babel/parser/lib/index.js
Not Found: /babel/parser/lib/index.js
Not Found: /babel/parser/lib/index.js
Not Found: /babel/parser/lib/index.js
Not Found: /babel/parser/lib/index.js
Not Found: /babel/parser/lib/index.js
Not Found: /babel/parser/lib/index.js
Not Found: /babel/parser/lib/index.js
Not Found: /all
Not Found: /all
Not Found: /login
Not Found: /register
Not Found: /all
Not Found: /all
Not Found: /all
Not Found: /all
Not Found: /all
Not Found: /all
Not Found: /all
Not Found: /all
Not Found: /all
Not Found: /all
Not Found: /all
Not Found: /all
Not Found: /all
Not Found: /all
Not Found: /all
Not Found: /all
Not Found: /all
Not Found: /all
Not Found: /all
Not Found: /all
Not Found: /all
Not Found: /all
Not Found: /all
Not Found: /all
Not Found: /all
Not Found: /all
Not Found: /all
Not Found: /all
Not Found: /babel/parser/lib/index.js
Not Found: /babel/parser/lib/index.js
Not Found: /all
Not Found: /all
Not Found: /all
Not Found: /all
Not Found: /all
Not Found: /all
Not Found: /all
Not Found: /all
Not Found: /all
Not Found: /all
Not Found: /all
Not Found: /all
Not Found: /babel/parser/lib/index.js
Not Found: /babel/parser/lib/index.js
Not Found: /undefined
Not Found: /undefined
Not Found: /babel/parser/lib/index.js
Not Found: /babel/parser/lib/index.js
Not Found: /babel/parser/lib/index.js
Not Found: /babel/parser/lib/index.js
Not Found: /babel/parser/lib/index.js
Not Found: /babel/parser/lib/index.js
Not Found: /undefined
Not Found: /undefined
Not Found: /babel/parser/lib/index.js
Not Found: /babel/parser/lib/index.js
Not Found: /babel/parser/lib/index.js
Not Found: /babel/parser/lib/index.js
Not Found: /babel/parser/lib/index.js
Not Found: /babel/parser/lib/index.js
Not Found: /babel/parser/lib/index.js
Not Found: /babel/parser/lib/index.js
Not Found: /babel/parser/lib/index.js
Not Found: /babel/parser/lib/index.js
Not Found: /babel/parser/lib/index.js
Not Found: /babel/parser/lib/index.js
Not Found: /babel/parser/lib/index.js
Not Found: /babel/parser/lib/index.js
Not Found: /babel/parser/lib/index.js
Not Found: /babel/parser/lib/index.js
Not Found: /babel/parser/lib/index.js
Not Found: /babel/parser/lib/index.js
Not Found: /babel/parser/lib/index.js
Not Found: /babel/parser/lib/index.js
Not Found: /babel/parser/lib/index.js
Not Found: /babel/parser/lib/index.js
Not Found: /babel/parser/lib/index.js
Not Found: /babel/parser/lib/index.js
Not Found: /babel/parser/lib/index.js
Not Found: /babel/parser/lib/index.js
Not Found: /babel/parser/lib/index.js
Not Found: /babel/parser/lib/index.js
Not Found: /babel/parser/lib/index.js
Not Found: /babel/parser/lib/index.js
Not Found: /babel/parser/lib/index.js
Not Found: /babel/parser/lib/index.js
Not Found: /babel/parser/lib/index.js
Not Found: /babel/parser/lib/index.js
Not Found: /babel/parser/lib/index.js
Not Found: /babel/parser/lib/index.js
Not Found: /babel/parser/lib/index.js
Not Found: /babel/parser/lib/index.js
Not Found: /babel/parser/lib/index.js
Not Found: /babel/parser/lib/index.js
Not Found: /babel/parser/lib/index.js
Not Found: /babel/parser/lib/index.js
Not Found: /babel/parser/lib/index.js
Not Found: /babel/parser/lib/index.js
Not Found: /babel/parser/lib/index.js
Not Found: /babel/parser/lib/index.js
Not Found: /babel/parser/lib/index.js
Not Found: /babel/parser/lib/index.js
Not Found: /babel/parser/lib/index.js
Not Found: /babel/parser/lib/index.js
Not Found: /babel/parser/lib/index.js
Not Found: /babel/parser/lib/index.js
Not Found: /babel/parser/lib/index.js
Not Found: /babel/parser/lib/index.js
Not Found: /babel/parser/lib/index.js
Not Found: /babel/parser/lib/index.js
Not Found: /babel/parser/lib/index.js
Not Found: /babel/parser/lib/index.js
Not Found: /babel/parser/lib/index.js
Not Found: /babel/parser/lib/index.js
Not Found: /babel/parser/lib/index.js
Not Found: /babel/parser/lib/index.js
Not Found: /babel/parser/lib/index.js
Not Found: /babel/parser/lib/index.js
Not Found: /babel/parser/lib/index.js
Not Found: /babel/parser/lib/index.js
Not Found: /babel/parser/lib/index.js
Not Found: /babel/parser/lib/index.js
Not Found: /babel/parser/lib/index.js
Not Found: /babel/parser/lib/index.js
Not Found: /babel/parser/lib/index.js
Not Found: /babel/parser/lib/index.js
Not Found: /babel/parser/lib/index.js
Not Found: /babel/parser/lib/index.js
Not Found: /babel/parser/lib/index.js
Not Found: /babel/parser/lib/index.js
Not Found: /babel/parser/lib/index.js
Not Found: /babel/parser/lib/index.js
Not Found: /babel/parser/lib/index.js
Not Found: /babel/parser/lib/index.js
Not Found: /babel/parser/lib/index.js
Not Found: /babel/parser/lib/index.js
Not Found: /babel/parser/lib/index.js
Not Found: /babel/parser/lib/index.js
Not Found: /babel/parser/lib/index.js
Not Found: /babel/parser/lib/index.js
Not Found: /babel/parser/lib/index.js
Not Found: /babel/parser/lib/index.js
Not Found: /babel/parser/lib/index.js
Not Found: /babel/parser/lib/index.js
Not Found: /babel/parser/lib/index.js
Not Found: /babel/parser/lib/index.js
Not Found: /babel/parser/lib/index.js
Not Found: /babel/parser/lib/index.js
Not Found: /babel/parser/lib/index.js
Not Found: /babel/parser/lib/index.js
Not Found: /babel/parser/lib/index.js
Not Found: /babel/parser/lib/index.js
Not Found: /babel/parser/lib/index.js
Not Found: /babel/parser/lib/index.js
Not Found: /babel/parser/lib/index.js
Not Found: /babel/parser/lib/index.js
Not Found: /babel/parser/lib/index.js
Not Found: /babel/parser/lib/index.js
Not Found: /babel/parser/lib/index.js
Not Found: /babel/parser/lib/index.js
Not Found: /babel/parser/lib/index.js
Not Found: /babel/parser/lib/index.js
Not Found: /babel/parser/lib/index.js
Not Found: /babel/parser/lib/index.js
Not Found: /babel/parser/lib/index.js
Not Found: /babel/parser/lib/index.js
Not Found: /babel/parser/lib/index.js
Not Found: /babel/parser/lib/index.js
Not Found: /babel/parser/lib/index.js
Not Found: /babel/parser/lib/index.js
Not Found: /babel/parser/lib/index.js
Not Found: /babel/parser/lib/index.js
Not Found: /babel/parser/lib/index.js
Not Found: /babel/parser/lib/index.js
Not Found: /babel/parser/lib/index.js
Not Found: /babel/parser/lib/index.js
Not Found: /babel/parser/lib/index.js
Not Found: /babel/parser/lib/index.js
Not Found: /babel/parser/lib/index.js
Not Found: /babel/parser/lib/index.js
Not Found: /babel/parser/lib/index.js
Not Found: /babel/parser/lib/index.js
Not Found: /babel/parser/lib/index.js
Not Found: /babel/parser/lib/index.js
Not Found: /babel/parser/lib/index.js
Not Found: /babel/parser/lib/index.js
Not Found: /babel/parser/lib/index.js
Not Found: /babel/parser/lib/index.js
Not Found: /babel/parser/lib/index.js
Not Found: /babel/parser/lib/index.js
Not Found: /babel/parser/lib/index.js
Not Found: /babel/parser/lib/index.js
Not Found: /babel/parser/lib/index.js
Not Found: /babel/parser/lib/index.js
Not Found: /babel/parser/lib/index.js
Not Found: /babel/parser/lib/index.js
Not Found: /babel/parser/lib/index.js
Not Found: /babel/parser/lib/index.js
Not Found: /babel/parser/lib/index.js
Not Found: /babel/parser/lib/index.js
Not Found: /babel/parser/lib/index.js
Not Found: /babel/parser/lib/index.js
Not Found: /babel/parser/lib/index.js
Not Found: /babel/parser/lib/index.js
Not Found: /babel/parser/lib/index.js
Not Found: /babel/parser/lib/index.js
Not Found: /babel/parser/lib/index.js
Not Found: /babel/parser/lib/index.js
Not Found: /babel/parser/lib/index.js
Not Found: /babel/parser/lib/index.js
Not Found: /babel/parser/lib/index.js
Not Found: /babel/parser/lib/index.js
Not Found: /babel/parser/lib/index.js
Not Found: /babel/parser/lib/index.js
Not Found: /babel/parser/lib/index.js
Not Found: /babel/parser/lib/index.js
Not Found: /babel/parser/lib/index.js
Not Found: /login
Not Found: /login/login
Not Found: /login/login
Not Found: /login/login
Not Found: /login/login
Not Found: /auth/product
Not Found: /auth/product
Not Found: /login/auth/login
Not Found: /auth/product
Not Found: /auth/product
Not Found: /auth/product
Not Found: /auth/product
Not Found: /auth/product
Not Found: /babel/parser/lib/index.js
Not Found: /babel/parser/lib/index.js
Not Found: /babel/parser/lib/index.js
Not Found: /auth/product
Not Found: /auth/product
Not Found: /auth/product
Not Found: /auth/product
Not Found: /auth/product
Not Found: /auth/product
Not Found: /auth/product
Not Found: /babel/parser/lib/index.js
Not Found: /babel/parser/lib/index.js
Not Found: /babel/parser/lib/index.js
Not Found: /babel/parser/lib/index.js
Not Found: /auth/product
Not Found: /babel/parser/lib/index.js
Not Found: /babel/parser/lib/index.js
Not Found: /babel/parser/lib/index.js
Not Found: /babel/parser/lib/index.js
Not Found: /auth/product
Not Found: /auth/product
Not Found: /auth/product
Not Found: /undefinedproduct
Not Found: /undefinedproduct
Not Found: /login
Method Not Allowed: /auth/login/
Not Found: /static/admin/css/base.css
Not Found: /static/admin/css/login.css
Not Found: /static/admin/css/nav_sidebar.css
Not Found: /static/admin/css/responsive.css
Not Found: /static/admin/js/nav_sidebar.js
Not Found: /favicon.ico
Not Found: /static/admin/css/base.css
Not Found: /static/admin/css/dashboard.css
Not Found: /static/admin/css/nav_sidebar.css
Not Found: /static/admin/css/responsive.css
Not Found: /static/admin/js/nav_sidebar.js
Not Found: /static/admin/css/base.css
Not Found: /static/admin/css/login.css
Not Found: /static/admin/css/nav_sidebar.css
Not Found: /static/admin/css/responsive.css
Not Found: /static/admin/js/nav_sidebar.js
Not Found: /favicon.ico
Not Found: /static/admin/css/base.css
Not Found: /static/admin/css/nav_sidebar.css
Not Found: /static/admin/css/login.css
Not Found: /static/admin/css/responsive.css
Not Found: /static/admin/js/nav_sidebar.js
Not Found: /static/admin/css/base.css
Not Found: /static/admin/css/nav_sidebar.css
Not Found: /static/admin/css/login.css
Not Found: /static/admin/css/responsive.css
Not Found: /static/admin/js/nav_sidebar.js
Not Found: /static/admin/css/base.css
Not Found: /static/admin/css/responsive.css
Not Found: /static/admin/css/nav_sidebar.css
Not Found: /static/admin/css/dashboard.css
Not Found: /static/admin/js/nav_sidebar.js
Not Found: /static/admin/css/base.css
Not Found: /static/admin/js/vendor/jquery/jquery.min.js
Not Found: /static/admin/css/nav_sidebar.css
Not Found: /static/admin/js/jquery.init.js
Not Found: /static/admin/css/changelists.css
Not Found: /static/admin/css/responsive.css
Not Found: /static/admin/js/core.js
Not Found: /static/admin/js/vendor/xregexp/xregexp.min.js
Not Found: /static/admin/js/admin/RelatedObjectLookups.js
Not Found: /static/admin/js/actions.js
Not Found: /static/admin/js/urlify.js
Not Found: /static/admin/js/prepopulate.js
Not Found: /static/admin/js/vendor/jquery/jquery.min.js
Not Found: /static/admin/js/nav_sidebar.js
Not Found: /static/admin/img/search.svg
Not Found: /static/admin/js/jquery.init.js
Not Found: /static/admin/img/icon-yes.svg
Not Found: /static/admin/img/icon-no.svg
Not Found: /static/admin/js/core.js
Not Found: /static/admin/js/admin/RelatedObjectLookups.js
Not Found: /static/admin/js/actions.js
Not Found: /static/admin/js/urlify.js
Not Found: /static/admin/js/prepopulate.js
Not Found: /static/admin/js/vendor/xregexp/xregexp.min.js
Not Found: /static/admin/css/responsive.css
Not Found: /static/admin/css/base.css
Not Found: /static/admin/css/nav_sidebar.css
Not Found: /static/admin/css/forms.css
Not Found: /static/admin/js/vendor/jquery/jquery.min.js
Not Found: /static/admin/js/calendar.js
Not Found: /static/admin/css/responsive.css
Not Found: /static/admin/js/jquery.init.js
Not Found: /static/admin/js/SelectBox.js
Not Found: /static/admin/js/admin/DateTimeShortcuts.js
Not Found: /static/admin/js/SelectFilter2.js
Not Found: /static/admin/js/core.js
Not Found: /static/admin/js/admin/RelatedObjectLookups.js
Not Found: /static/admin/js/actions.js
Not Found: /static/admin/js/urlify.js
Not Found: /static/admin/js/prepopulate.js
Not Found: /static/admin/js/vendor/xregexp/xregexp.min.js
Not Found: /static/admin/js/vendor/jquery/jquery.min.js
Not Found: /static/admin/js/prepopulate_init.js
Not Found: /static/admin/js/calendar.js
Not Found: /static/admin/js/nav_sidebar.js
Not Found: /static/admin/img/icon-addlink.svg
Not Found: /static/admin/js/change_form.js
Not Found: /static/admin/js/jquery.init.js
Not Found: /static/admin/js/admin/DateTimeShortcuts.js
Not Found: /static/admin/js/core.js
Not Found: /static/admin/js/admin/RelatedObjectLookups.js
Not Found: /static/admin/js/SelectBox.js
Not Found: /static/admin/js/actions.js
Not Found: /static/admin/js/SelectFilter2.js
Not Found: /static/admin/js/urlify.js
Not Found: /static/admin/js/prepopulate.js
Not Found: /static/admin/js/vendor/xregexp/xregexp.min.js
Not Found: /static/admin/css/responsive.css
Not Found: /static/admin/js/change_form.js
Not Found: /static/admin/js/prepopulate_init.js
Not Found: /login
Not Found: /static/admin/css/base.css
Not Found: /static/admin/css/nav_sidebar.css
Not Found: /static/admin/css/dashboard.css
Not Found: /static/admin/css/responsive.css
Not Found: /static/admin/js/nav_sidebar.js
Not Found: /static/admin/css/nav_sidebar.css
Not Found: /static/admin/css/base.css
Not Found: /static/admin/css/responsive.css
Not Found: /static/admin/js/nav_sidebar.js
Not Found: /register
Not Found: /main.ce839c9e133df86ede3e.hot-update.js
Not Found: /main.ce839c9e133df86ede3e.hot-update.js
Not Found: /auth/user
Not Found: /static/admin/css/base.css
Not Found: /static/admin/css/nav_sidebar.css
Not Found: /static/admin/css/dashboard.css
Not Found: /static/admin/css/responsive.css
Not Found: /static/admin/js/nav_sidebar.js
Not Found: /static/admin/css/base.css
Not Found: /static/admin/css/nav_sidebar.css
Not Found: /static/admin/css/dashboard.css
Not Found: /static/admin/css/responsive.css
Not Found: /static/admin/js/nav_sidebar.js
Not Found: /static/admin/css/base.css
Not Found: /static/admin/css/nav_sidebar.css
Not Found: /static/admin/css/dashboard.css
Not Found: /static/admin/css/responsive.css
Not Found: /static/admin/js/nav_sidebar.js
Not Found: /static/admin/css/base.css
Not Found: /static/admin/css/nav_sidebar.css
Not Found: /static/admin/css/responsive.css
Not Found: /static/admin/js/nav_sidebar.js
Unauthorized: /auth/login/
Not Found: /static/admin/css/base.css
Not Found: /static/admin/css/nav_sidebar.css
Not Found: /static/admin/css/login.css
Not Found: /static/admin/css/responsive.css
Not Found: /static/admin/js/nav_sidebar.js
Not Found: /static/admin/css/base.css
Not Found: /static/admin/css/nav_sidebar.css
Not Found: /static/admin/css/login.css
Not Found: /static/admin/css/responsive.css
Not Found: /static/admin/js/nav_sidebar.js
Not Found: /favicon.ico
Not Found: /static/admin/css/base.css
Not Found: /static/admin/css/responsive.css
Not Found: /static/admin/css/nav_sidebar.css
Not Found: /static/admin/css/login.css
Not Found: /static/admin/js/nav_sidebar.js
Not Found: /favicon.ico
Not Found: /static/admin/css/base.css
Not Found: /static/admin/css/nav_sidebar.css
Not Found: /static/admin/css/login.css
Not Found: /static/admin/css/responsive.css
Not Found: /static/admin/js/nav_sidebar.js
Not Found: /static/admin/css/base.css
Not Found: /static/admin/css/nav_sidebar.css
Not Found: /static/admin/css/login.css
Not Found: /static/admin/css/responsive.css
Not Found: /static/admin/js/nav_sidebar.js
Not Found: /favicon.ico
Not Found: /static/admin/css/base.css
Not Found: /static/admin/css/nav_sidebar.css
Not Found: /static/admin/css/login.css
Not Found: /static/admin/css/responsive.css
Not Found: /static/admin/js/nav_sidebar.js
Not Found: /favicon.ico
Not Found: /static/admin/css/base.css
Not Found: /static/admin/css/responsive.css
Not Found: /static/admin/css/nav_sidebar.css
Not Found: /static/admin/css/login.css
Not Found: /static/admin/js/nav_sidebar.js
Not Found: /favicon.ico
Not Found: /babel/parser/lib/index.js
Not Found: /auth/user
Not Found: /auth/user
Not Found: /auth/user
Not Found: /auth/user
Not Found: /auth/user
Not Found: /auth/user
Not Found: /register/register
Not Found: /register/babel/parser/lib/index.js
Not Found: /register/babel/parser/lib/index.js
Not Found: /register/babel/parser/lib/index.js
Not Found: /register/babel/parser/lib/index.js
Not Found: /register/register
Not Found: /register/register
Not Found: /register
Not Found: /register
Not Found: /register
Bad Request: /auth/register/
Bad Request: /auth/register/
Not Found: /babel/parser/lib/index.js
Not Found: /babel/parser/lib/index.js
Not Found: /babel/parser/lib/index.js
Not Found: /babel/parser/lib/index.js
Not Found: /babel/parser/lib/index.js
Not Found: /babel/parser/lib/index.js
Not Found: /babel/parser/lib/index.js
Not Found: /babel/parser/lib/index.js
Not Found: /babel/parser/lib/index.js
Not Found: /babel/parser/lib/index.js
Not Found: /babel/parser/lib/index.js
Not Found: /babel/parser/lib/index.js
Not Found: /babel/parser/lib/index.js
Not Found: /babel/parser/lib/index.js
Not Found: /babel/parser/lib/index.js
Not Found: /babel/parser/lib/index.js
Not Found: /babel/parser/lib/index.js
Not Found: /babel/parser/lib/index.js
Not Found: /babel/parser/lib/index.js
Not Found: /babel/parser/lib/index.js
Not Found: /babel/parser/lib/index.js
Not Found: /babel/parser/lib/index.js
Not Found: /babel/parser/lib/index.js
Not Found: /babel/parser/lib/index.js
Not Found: /babel/parser/lib/index.js
Not Found: /babel/parser/lib/index.js
Not Found: /babel/parser/lib/index.js
Not Found: /babel/parser/lib/index.js
Not Found: /babel/parser/lib/index.js
Not Found: /babel/parser/lib/index.js
Not Found: /babel/parser/lib/index.js
Not Found: /babel/parser/lib/index.js
Not Found: /babel/parser/lib/index.js
Not Found: /babel/parser/lib/index.js
Not Found: /babel/parser/lib/index.js
Not Found: /babel/parser/lib/index.js
Not Found: /babel/parser/lib/index.js
Not Found: /babel/parser/lib/index.js
Not Found: /babel/parser/lib/index.js
Not Found: /babel/parser/lib/index.js
Not Found: /babel/parser/lib/index.js
Not Found: /babel/parser/lib/index.js
Not Found: /babel/parser/lib/index.js
Not Found: /babel/parser/lib/index.js
Not Found: /babel/parser/lib/index.js
Not Found: /babel/parser/lib/index.js
Not Found: /babel/parser/lib/index.js
Not Found: /babel/parser/lib/index.js
Not Found: /babel/parser/lib/index.js
Bad Request: /auth/register/
Not Found: /register/
Method Not Allowed: /auth/register/
Bad Request: /auth/register/
Bad Request: /auth/register/
Bad Request: /auth/register/
Bad Request: /auth/register/
Bad Request: /auth/register/
Method Not Allowed: /auth/register/
Unauthorized: /auth/logout/
Not Found: /auth/user
Unauthorized: /auth/logout/
Not Found: /auth/user
Not Found: /auth/user
Unauthorized: /auth/logout/
Unauthorized: /auth/logout/
Unauthorized: /auth/logout/
Not Found: /auth/user
Unauthorized: /auth/logout/
Unauthorized: /auth/logout/
Not Found: /babel/parser/lib/index.js
Not Found: /babel/parser/lib/index.js
Not Found: /babel/parser/lib/index.js
Not Found: /auth/user
Unauthorized: /auth/logout/
Not Found: /babel/parser/lib/index.js
Not Found: /auth/user
Unauthorized: /auth/logout/
Not Found: /babel/parser/lib/index.js
Not Found: /auth/user
Unauthorized: /auth/logout/
Unauthorized: /auth/logout/
Unauthorized: /auth/logout/
Unauthorized: /auth/logout/
Unauthorized: /auth/logout/
Unauthorized: /auth/logout/
Unauthorized: /auth/logout/
Unauthorized: /auth/logout/
Unauthorized: /auth/logout/
Unauthorized: /auth/logout_all/
Unauthorized: /auth/logout_all/
Unauthorized: /auth/logout_all/
Unauthorized: /auth/login/
Unauthorized: /auth/login/
Unauthorized: /auth/login/
Unauthorized: /auth/login/
Bad Request: /auth/logout/
Unauthorized: /auth/logout_all/
Unauthorized: /auth/logout_all/
Unauthorized: /auth/logout_all/
Unauthorized: /auth/logout_all/
Unauthorized: /auth/logout_all/
Not Found: /auth/user
Unauthorized: /image/
Unauthorized: /image/
Unauthorized: /image/
Not Found: /babel/parser/lib/index.js
Not Found: /auth/user
Unauthorized: /auth/logout_all/
Unauthorized: /auth/logout_all/
Unauthorized: /auth/logout_all/
Unauthorized: /auth/logout_all/
Unauthorized: /auth/logout_all/
Not Found: /auth/user
Not Found: /auth/user
Unauthorized: /auth/logout_all/
Unauthorized: /auth/logout_all/
Unauthorized: /auth/logout_all/
Not Found: /babel/parser/lib/index.js
Not Found: /babel/parser/lib/index.js
Not Found: /auth/user
Not Found: /auth/user
Unauthorized: /auth/logout_all/
Unauthorized: /auth/logout_all/
Unauthorized: /auth/logout_all/
Not Found: /babel/parser/lib/index.js
Unauthorized: /auth/logout_all/
Unauthorized: /auth/logout_all/
Unauthorized: /auth/logout_all/
Unauthorized: /auth/logout_all/
Unauthorized: /auth/logout_all/
Not Found: /login/auth/login/
Not Found: /login/auth/login/
Not Found: /login/auth/logout_all/
Not Found: /login/auth/login/
Not Found: /login/babel/parser/lib/index.js
Not Found: /login/auth/login/
Not Found: /login/auth/logout_all/
Unauthorized: /auth/logout_all/
Not Found: /auth/user
Unauthorized: /auth/logout_all/
Not Found: /babel/parser/lib/index.js
Unauthorized: /auth/logout_all/
Not Found: /babel/parser/lib/index.js
Not Found: /babel/parser/lib/index.js
Unauthorized: /auth/logout_all/
Not Found: /babel/parser/lib/index.js
Not Found: /babel/parser/lib/index.js
Not Found: /babel/parser/lib/index.js
Not Found: /babel/parser/lib/index.js
Unauthorized: /auth/logout_all/
Unauthorized: /auth/logout_all/
Not Found: /auth/user
Not Found: /auth/user
Unauthorized: /auth/logout_all/
Unauthorized: /auth/logout_all/
Unauthorized: /auth/logout_all/
Unauthorized: /auth/logout_all/
Unauthorized: /auth/logout_all/
Unauthorized: /auth/logout_all/
Unauthorized: /auth/logout_all/
Not Found: /auth/user
Not Found: /login/auth/login/
Not Found: /login/auth/login/
Not Found: /auth/user
Not Found: /auth/user
Not Found: /auth/user
Not Found: /auth/user
Not Found: /auth/user
Not Found: /auth/user
Not Found: /auth/user
Not Found: /auth/user
Not Found: /user/auth/logout_all/
Unauthorized: /auth/logout_all/
Unauthorized: /auth/logout_all/
Not Found: /babel/parser/lib/index.js
Not Found: /babel/parser/lib/index.js
Unauthorized: /auth/logout_all/
Not Found: /auth/user/
Unauthorized: /auth/logout_all/
Not Found: /login/auth/login/
Not Found: /login/auth/login/
Not Found: /login/auth/login/
Not Found: /login/auth/login/
Unauthorized: /auth/logout_all/
Not Found: /login/auth/login/
Not Found: /login/auth/logout_all/
Unauthorized: /auth/logout_all/
Unauthorized: /auth/logout_all/
Unauthorized: /auth/logout_all/
Unauthorized: /auth/logout_all/
Unauthorized: /auth/logout_all/
Not Found: /auth/user/
Unauthorized: /auth/logout_all/
Not Found: /auth/user/
Not Found: /babel/parser/lib/index.js
Not Found: /babel/parser/lib/index.js
Not Found: /babel/parser/lib/index.js
Not Found: /babel/parser/lib/index.js
Not Found: /babel/parser/lib/index.js
Not Found: /babel/parser/lib/index.js
Not Found: /babel/parser/lib/index.js
Not Found: /babel/parser/lib/index.js
Unauthorized: /auth/logout_all/
Not Found: /babel/parser/lib/index.js
Not Found: /babel/parser/lib/index.js
Not Found: /babel/parser/lib/index.js
Not Found: /babel/parser/lib/index.js
Not Found: /babel/parser/lib/index.js
Not Found: /babel/parser/lib/index.js
Not Found: /babel/parser/lib/index.js
Not Found: /babel/parser/lib/index.js
Not Found: /babel/parser/lib/index.js
Unauthorized: /auth/logout_all/
Not Found: /auth/user/
Not Found: /user/
Not Found: /auth/user/
Not Found: /auth/user/
Not Found: /profile/
Not Found: /profile/
Not Found: /profile/
Not Found: /profile/
Not Found: /user/
Not Found: /user/
Unauthorized: /auth/logout_all/
Not Found: /babel/parser/lib/index.js
Not Found: /babel/parser/lib/index.js
Unauthorized: /auth/logout_all/
Unauthorized: /auth/logout_all/
Unauthorized: /auth/logout/
Unauthorized: /auth/logout/
Not Found: /babel/parser/lib/index.js
Not Found: /babel/parser/lib/index.js
Not Found: /babel/parser/lib/index.js
Unauthorized: /auth/logout/
Unauthorized: /auth/logout/
Not Found: /babel/parser/lib/index.js
Unauthorized: /auth/logout/
Unauthorized: /auth/logout/
Unauthorized: /auth/logout/
Not Found: /babel/parser/lib/index.js
Not Found: /babel/parser/lib/index.js
Unauthorized: /auth/logout/
Unauthorized: /auth/logout/
Unauthorized: /auth/logout/
Not Found: /babel/parser/lib/index.js
Not Found: /babel/parser/lib/index.js
Not Found: /babel/parser/lib/index.js
Not Found: /user/
Not Found: /user/
Not Found: /babel/parser/lib/index.js
Not Found: /babel/parser/lib/index.js
Not Found: /babel/parser/lib/index.js
Not Found: /babel/parser/lib/index.js
Not Found: /babel/parser/lib/index.js
Not Found: /babel/parser/lib/index.js
Not Found: /babel/parser/lib/index.js
Not Found: /babel/parser/lib/index.js
Not Found: /babel/parser/lib/index.js
Not Found: /babel/parser/lib/index.js
Not Found: /babel/parser/lib/index.js
Not Found: /babel/parser/lib/index.js
Not Found: /babel/parser/lib/index.js
Unauthorized: /auth/logout/
Unauthorized: /auth/logout/
Unauthorized: /auth/logout/
Not Found: /babel/parser/lib/index.js
Not Found: /babel/parser/lib/index.js
Not Found: /babel/parser/lib/index.js
Unauthorized: /auth/logout/
Unauthorized: /auth/logout/
Unauthorized: /auth/logout/
Not Found: /babel/parser/lib/index.js
Not Found: /babel/parser/lib/index.js
Not Found: /babel/parser/lib/index.js
Not Found: /babel/parser/lib/index.js
Unauthorized: /auth/logout/
Unauthorized: /auth/logout/
Unauthorized: /auth/logout_all/
Unauthorized: /auth/logout_all/
Unauthorized: /auth/logout_all/
Not Found: /babel/parser/lib/index.js
Not Found: /babel/parser/lib/index.js
Not Found: /babel/parser/lib/index.js
Not Found: /babel/parser/lib/index.js
Not Found: /babel/parser/lib/index.js
Not Found: /babel/parser/lib/index.js
Not Found: /babel/parser/lib/index.js
Not Found: /babel/parser/lib/index.js
Not Found: /babel/parser/lib/index.js
Not Found: /babel/parser/lib/index.js
Not Found: /babel/parser/lib/index.js
Not Found: /babel/parser/lib/index.js
Not Found: /babel/parser/lib/index.js
Not Found: /babel/parser/lib/index.js
Not Found: /babel/parser/lib/index.js
Not Found: /babel/parser/lib/index.js
Not Found: /babel/parser/lib/index.js
Not Found: /babel/parser/lib/index.js
Not Found: /babel/parser/lib/index.js
Not Found: /babel/parser/lib/index.js
Not Found: /babel/parser/lib/index.js
Not Found: /babel/parser/lib/index.js
Not Found: /babel/parser/lib/index.js
Not Found: /babel/parser/lib/index.js
Not Found: /babel/parser/lib/index.js
Not Found: /babel/parser/lib/index.js
Not Found: /babel/parser/lib/index.js
Not Found: /babel/parser/lib/index.js
Not Found: /babel/parser/lib/index.js
Not Found: /babel/parser/lib/index.js
Not Found: /babel/parser/lib/index.js
Not Found: /babel/parser/lib/index.js
Unauthorized: /auth/logout_all/
Not Found: /babel/parser/lib/index.js
Unauthorized: /auth/logout_all/
Not Found: /babel/parser/lib/index.js
Not Found: /babel/parser/lib/index.js
Not Found: /babel/parser/lib/index.js
Unauthorized: /auth/logout_all/
Unauthorized: /auth/logout_all/
Unauthorized: /auth/logout_all/
Unauthorized: /auth/logout_all/
Not Found: /babel/parser/lib/index.js
Not Found: /babel/parser/lib/index.js
Unauthorized: /auth/logout_all/
Unauthorized: /auth/logout_all/
Unauthorized: /auth/logout_all/
Not Found: /babel/parser/lib/index.js
Not Found: /babel/parser/lib/index.js
Not Found: /babel/parser/lib/index.js
Unauthorized: /auth/logout_all/
Not Found: /babel/parser/lib/index.js
Not Found: /babel/parser/lib/index.js
Unauthorized: /auth/logout_all/
Not Found: /babel/parser/lib/index.js
Unauthorized: /auth/logout_all/
Unauthorized: /auth/logout_all/
Unauthorized: /auth/logout_all/
Not Found: /user/
Unauthorized: /auth/logout_all/
Not Found: /user/
Unauthorized: /auth/logout_all/
Unauthorized: /auth/logout_all/
Not Found: /user/
Unauthorized: /auth/logout_all/
Not Found: /babel/parser/lib/index.js
Not Found: /babel/parser/lib/index.js
Not Found: /babel/parser/lib/index.js
Not Found: /babel/parser/lib/index.js
Not Found: /babel/parser/lib/index.js
Not Found: /babel/parser/lib/index.js
Not Found: /babel/parser/lib/index.js
Not Found: /babel/parser/lib/index.js
Not Found: /babel/parser/lib/index.js
Not Found: /babel/parser/lib/index.js
Unauthorized: /auth/logout_all/
Method Not Allowed: /product/
Method Not Allowed: /product/
Method Not Allowed: /product/
Not Found: /babel/parser/lib/index.js
Not Found: /babel/parser/lib/index.js
Not Found: /babel/parser/lib/index.js
Not Found: /babel/parser/lib/index.js
Not Found: /babel/parser/lib/index.js
Not Found: /babel/parser/lib/index.js
Not Found: /babel/parser/lib/index.js
Not Found: /babel/parser/lib/index.js
Not Found: /babel/parser/lib/index.js
Method Not Allowed: /product/
Unauthorized: /auth/logout_all/
Method Not Allowed: /product/
Not Found: /babel/parser/lib/index.js
Not Found: /babel/parser/lib/index.js
Not Found: /babel/parser/lib/index.js
Not Found: /babel/parser/lib/index.js
Method Not Allowed: /product/
Not Found: /babel/parser/lib/index.js
Method Not Allowed: /product/
Not Found: /babel/parser/lib/index.js
Method Not Allowed: /product/
Method Not Allowed: /product/
Method Not Allowed: /product/
Method Not Allowed: /product/
Not Found: /babel/parser/lib/index.js
Not Found: /babel/parser/lib/index.js
Method Not Allowed: /product/
Method Not Allowed: /product/
Method Not Allowed: /product/
Not Found: /babel/parser/lib/index.js
Not Found: /babel/parser/lib/index.js
Not Found: /babel/parser/lib/index.js
Method Not Allowed: /product/
Method Not Allowed: /product/
Method Not Allowed: /product/
Method Not Allowed: /product/
Method Not Allowed: /product/
Method Not Allowed: /product/
Method Not Allowed: /product/
Not Found: /babel/parser/lib/index.js
Not Found: /babel/parser/lib/index.js
Not Found: /babel/parser/lib/index.js
Not Found: /babel/parser/lib/index.js
Method Not Allowed: /product/
Method Not Allowed: /product/
Method Not Allowed: /product/
Method Not Allowed: /product/
Method Not Allowed: /product/
Method Not Allowed: /product/
Method Not Allowed: /product/
Unauthorized: /auth/logout_all/
Unauthorized: /auth/logout_all/
Unauthorized: /product/
Method Not Allowed: /product/
Not Found: /comment/
Unauthorized: /comment/
Unauthorized: /auth/logout_all/
Bad Request: /comment/
Bad Request: /comment/
Internal Server Error: /comment/
Traceback (most recent call last):
  File "C:\Users\Michael\.virtualenvs\product-info-44_LSJ9R\lib\site-packages\django\db\backends\utils.py", line 84, in _execute
    return self.cursor.execute(sql, params)
  File "C:\Users\Michael\.virtualenvs\product-info-44_LSJ9R\lib\site-packages\django\db\backends\sqlite3\base.py", line 423, in execute
    return Database.Cursor.execute(self, query, params)
sqlite3.IntegrityError: NOT NULL constraint failed: reviews_comment.product_id

The above exception was the direct cause of the following exception:

Traceback (most recent call last):
  File "C:\Users\Michael\.virtualenvs\product-info-44_LSJ9R\lib\site-packages\django\core\handlers\exception.py", line 47, in inner
    response = get_response(request)
  File "C:\Users\Michael\.virtualenvs\product-info-44_LSJ9R\lib\site-packages\django\core\handlers\base.py", line 181, in _get_response
    response = wrapped_callback(request, *callback_args, **callback_kwargs)
  File "C:\Users\Michael\.virtualenvs\product-info-44_LSJ9R\lib\site-packages\django\views\decorators\csrf.py", line 54, in wrapped_view
    return view_func(*args, **kwargs)
  File "C:\Users\Michael\.virtualenvs\product-info-44_LSJ9R\lib\site-packages\rest_framework\viewsets.py", line 125, in view
    return self.dispatch(request, *args, **kwargs)
  File "C:\Users\Michael\.virtualenvs\product-info-44_LSJ9R\lib\site-packages\rest_framework\views.py", line 509, in dispatch
    response = self.handle_exception(exc)
  File "C:\Users\Michael\.virtualenvs\product-info-44_LSJ9R\lib\site-packages\rest_framework\views.py", line 469, in handle_exception
    self.raise_uncaught_exception(exc)
  File "C:\Users\Michael\.virtualenvs\product-info-44_LSJ9R\lib\site-packages\rest_framework\views.py", line 480, in raise_uncaught_exception
    raise exc
  File "C:\Users\Michael\.virtualenvs\product-info-44_LSJ9R\lib\site-packages\rest_framework\views.py", line 506, in dispatch
    response = handler(request, *args, **kwargs)
  File "C:\Users\Michael\.virtualenvs\product-info-44_LSJ9R\lib\site-packages\rest_framework\mixins.py", line 19, in create
    self.perform_create(serializer)
  File "C:\Users\Michael\.virtualenvs\product-info-44_LSJ9R\lib\site-packages\rest_framework\mixins.py", line 24, in perform_create
    serializer.save()
  File "C:\Users\Michael\.virtualenvs\product-info-44_LSJ9R\lib\site-packages\rest_framework\serializers.py", line 205, in save
    self.instance = self.create(validated_data)
  File "C:\Users\Michael\.virtualenvs\product-info-44_LSJ9R\lib\site-packages\rest_framework\serializers.py", line 939, in create
    instance = ModelClass._default_manager.create(**validated_data)
  File "C:\Users\Michael\.virtualenvs\product-info-44_LSJ9R\lib\site-packages\django\db\models\manager.py", line 85, in manager_method
    return getattr(self.get_queryset(), name)(*args, **kwargs)
  File "C:\Users\Michael\.virtualenvs\product-info-44_LSJ9R\lib\site-packages\django\db\models\query.py", line 453, in create
    obj.save(force_insert=True, using=self.db)
  File "C:\Users\Michael\.virtualenvs\product-info-44_LSJ9R\lib\site-packages\django\db\models\base.py", line 726, in save
    self.save_base(using=using, force_insert=force_insert,
  File "C:\Users\Michael\.virtualenvs\product-info-44_LSJ9R\lib\site-packages\django\db\models\base.py", line 763, in save_base
    updated = self._save_table(
  File "C:\Users\Michael\.virtualenvs\product-info-44_LSJ9R\lib\site-packages\django\db\models\base.py", line 868, in _save_table
    results = self._do_insert(cls._base_manager, using, fields, returning_fields, raw)
  File "C:\Users\Michael\.virtualenvs\product-info-44_LSJ9R\lib\site-packages\django\db\models\base.py", line 906, in _do_insert
    return manager._insert(
  File "C:\Users\Michael\.virtualenvs\product-info-44_LSJ9R\lib\site-packages\django\db\models\manager.py", line 85, in manager_method
    return getattr(self.get_queryset(), name)(*args, **kwargs)
  File "C:\Users\Michael\.virtualenvs\product-info-44_LSJ9R\lib\site-packages\django\db\models\query.py", line 1270, in _insert
    return query.get_compiler(using=using).execute_sql(returning_fields)
  File "C:\Users\Michael\.virtualenvs\product-info-44_LSJ9R\lib\site-packages\django\db\models\sql\compiler.py", line 1416, in execute_sql
    cursor.execute(sql, params)
  File "C:\Users\Michael\.virtualenvs\product-info-44_LSJ9R\lib\site-packages\django\db\backends\utils.py", line 98, in execute
    return super().execute(sql, params)
  File "C:\Users\Michael\.virtualenvs\product-info-44_LSJ9R\lib\site-packages\django\db\backends\utils.py", line 66, in execute
    return self._execute_with_wrappers(sql, params, many=False, executor=self._execute)
  File "C:\Users\Michael\.virtualenvs\product-info-44_LSJ9R\lib\site-packages\django\db\backends\utils.py", line 75, in _execute_with_wrappers
    return executor(sql, params, many, context)
  File "C:\Users\Michael\.virtualenvs\product-info-44_LSJ9R\lib\site-packages\django\db\backends\utils.py", line 84, in _execute
    return self.cursor.execute(sql, params)
  File "C:\Users\Michael\.virtualenvs\product-info-44_LSJ9R\lib\site-packages\django\db\utils.py", line 90, in __exit__
    raise dj_exc_value.with_traceback(traceback) from exc_value
  File "C:\Users\Michael\.virtualenvs\product-info-44_LSJ9R\lib\site-packages\django\db\backends\utils.py", line 84, in _execute
    return self.cursor.execute(sql, params)
  File "C:\Users\Michael\.virtualenvs\product-info-44_LSJ9R\lib\site-packages\django\db\backends\sqlite3\base.py", line 423, in execute
    return Database.Cursor.execute(self, query, params)
django.db.utils.IntegrityError: NOT NULL constraint failed: reviews_comment.product_id
Internal Server Error: /comment/
Traceback (most recent call last):
  File "C:\Users\Michael\.virtualenvs\product-info-44_LSJ9R\lib\site-packages\django\db\backends\utils.py", line 84, in _execute
    return self.cursor.execute(sql, params)
  File "C:\Users\Michael\.virtualenvs\product-info-44_LSJ9R\lib\site-packages\django\db\backends\sqlite3\base.py", line 423, in execute
    return Database.Cursor.execute(self, query, params)
sqlite3.IntegrityError: NOT NULL constraint failed: reviews_comment.product_id

The above exception was the direct cause of the following exception:

Traceback (most recent call last):
  File "C:\Users\Michael\.virtualenvs\product-info-44_LSJ9R\lib\site-packages\django\core\handlers\exception.py", line 47, in inner
    response = get_response(request)
  File "C:\Users\Michael\.virtualenvs\product-info-44_LSJ9R\lib\site-packages\django\core\handlers\base.py", line 181, in _get_response
    response = wrapped_callback(request, *callback_args, **callback_kwargs)
  File "C:\Users\Michael\.virtualenvs\product-info-44_LSJ9R\lib\site-packages\django\views\decorators\csrf.py", line 54, in wrapped_view
    return view_func(*args, **kwargs)
  File "C:\Users\Michael\.virtualenvs\product-info-44_LSJ9R\lib\site-packages\rest_framework\viewsets.py", line 125, in view
    return self.dispatch(request, *args, **kwargs)
  File "C:\Users\Michael\.virtualenvs\product-info-44_LSJ9R\lib\site-packages\rest_framework\views.py", line 509, in dispatch
    response = self.handle_exception(exc)
  File "C:\Users\Michael\.virtualenvs\product-info-44_LSJ9R\lib\site-packages\rest_framework\views.py", line 469, in handle_exception
    self.raise_uncaught_exception(exc)
  File "C:\Users\Michael\.virtualenvs\product-info-44_LSJ9R\lib\site-packages\rest_framework\views.py", line 480, in raise_uncaught_exception
    raise exc
  File "C:\Users\Michael\.virtualenvs\product-info-44_LSJ9R\lib\site-packages\rest_framework\views.py", line 506, in dispatch
    response = handler(request, *args, **kwargs)
  File "C:\Users\Michael\.virtualenvs\product-info-44_LSJ9R\lib\site-packages\rest_framework\mixins.py", line 19, in create
    self.perform_create(serializer)
  File "C:\Users\Michael\.virtualenvs\product-info-44_LSJ9R\lib\site-packages\rest_framework\mixins.py", line 24, in perform_create
    serializer.save()
  File "C:\Users\Michael\.virtualenvs\product-info-44_LSJ9R\lib\site-packages\rest_framework\serializers.py", line 205, in save
    self.instance = self.create(validated_data)
  File "C:\Users\Michael\.virtualenvs\product-info-44_LSJ9R\lib\site-packages\rest_framework\serializers.py", line 939, in create
    instance = ModelClass._default_manager.create(**validated_data)
  File "C:\Users\Michael\.virtualenvs\product-info-44_LSJ9R\lib\site-packages\django\db\models\manager.py", line 85, in manager_method
    return getattr(self.get_queryset(), name)(*args, **kwargs)
  File "C:\Users\Michael\.virtualenvs\product-info-44_LSJ9R\lib\site-packages\django\db\models\query.py", line 453, in create
    obj.save(force_insert=True, using=self.db)
  File "C:\Users\Michael\.virtualenvs\product-info-44_LSJ9R\lib\site-packages\django\db\models\base.py", line 726, in save
    self.save_base(using=using, force_insert=force_insert,
  File "C:\Users\Michael\.virtualenvs\product-info-44_LSJ9R\lib\site-packages\django\db\models\base.py", line 763, in save_base
    updated = self._save_table(
  File "C:\Users\Michael\.virtualenvs\product-info-44_LSJ9R\lib\site-packages\django\db\models\base.py", line 868, in _save_table
    results = self._do_insert(cls._base_manager, using, fields, returning_fields, raw)
  File "C:\Users\Michael\.virtualenvs\product-info-44_LSJ9R\lib\site-packages\django\db\models\base.py", line 906, in _do_insert
    return manager._insert(
  File "C:\Users\Michael\.virtualenvs\product-info-44_LSJ9R\lib\site-packages\django\db\models\manager.py", line 85, in manager_method
    return getattr(self.get_queryset(), name)(*args, **kwargs)
  File "C:\Users\Michael\.virtualenvs\product-info-44_LSJ9R\lib\site-packages\django\db\models\query.py", line 1270, in _insert
    return query.get_compiler(using=using).execute_sql(returning_fields)
  File "C:\Users\Michael\.virtualenvs\product-info-44_LSJ9R\lib\site-packages\django\db\models\sql\compiler.py", line 1416, in execute_sql
    cursor.execute(sql, params)
  File "C:\Users\Michael\.virtualenvs\product-info-44_LSJ9R\lib\site-packages\django\db\backends\utils.py", line 98, in execute
    return super().execute(sql, params)
  File "C:\Users\Michael\.virtualenvs\product-info-44_LSJ9R\lib\site-packages\django\db\backends\utils.py", line 66, in execute
    return self._execute_with_wrappers(sql, params, many=False, executor=self._execute)
  File "C:\Users\Michael\.virtualenvs\product-info-44_LSJ9R\lib\site-packages\django\db\backends\utils.py", line 75, in _execute_with_wrappers
    return executor(sql, params, many, context)
  File "C:\Users\Michael\.virtualenvs\product-info-44_LSJ9R\lib\site-packages\django\db\backends\utils.py", line 84, in _execute
    return self.cursor.execute(sql, params)
  File "C:\Users\Michael\.virtualenvs\product-info-44_LSJ9R\lib\site-packages\django\db\utils.py", line 90, in __exit__
    raise dj_exc_value.with_traceback(traceback) from exc_value
  File "C:\Users\Michael\.virtualenvs\product-info-44_LSJ9R\lib\site-packages\django\db\backends\utils.py", line 84, in _execute
    return self.cursor.execute(sql, params)
  File "C:\Users\Michael\.virtualenvs\product-info-44_LSJ9R\lib\site-packages\django\db\backends\sqlite3\base.py", line 423, in execute
    return Database.Cursor.execute(self, query, params)
django.db.utils.IntegrityError: NOT NULL constraint failed: reviews_comment.product_id
Internal Server Error: /comment/
Traceback (most recent call last):
  File "C:\Users\Michael\.virtualenvs\product-info-44_LSJ9R\lib\site-packages\django\db\backends\utils.py", line 84, in _execute
    return self.cursor.execute(sql, params)
  File "C:\Users\Michael\.virtualenvs\product-info-44_LSJ9R\lib\site-packages\django\db\backends\sqlite3\base.py", line 423, in execute
    return Database.Cursor.execute(self, query, params)
sqlite3.IntegrityError: NOT NULL constraint failed: reviews_comment.product_id

The above exception was the direct cause of the following exception:

Traceback (most recent call last):
  File "C:\Users\Michael\.virtualenvs\product-info-44_LSJ9R\lib\site-packages\django\core\handlers\exception.py", line 47, in inner
    response = get_response(request)
  File "C:\Users\Michael\.virtualenvs\product-info-44_LSJ9R\lib\site-packages\django\core\handlers\base.py", line 181, in _get_response
    response = wrapped_callback(request, *callback_args, **callback_kwargs)
  File "C:\Users\Michael\.virtualenvs\product-info-44_LSJ9R\lib\site-packages\django\views\decorators\csrf.py", line 54, in wrapped_view
    return view_func(*args, **kwargs)
  File "C:\Users\Michael\.virtualenvs\product-info-44_LSJ9R\lib\site-packages\rest_framework\viewsets.py", line 125, in view
    return self.dispatch(request, *args, **kwargs)
  File "C:\Users\Michael\.virtualenvs\product-info-44_LSJ9R\lib\site-packages\rest_framework\views.py", line 509, in dispatch
    response = self.handle_exception(exc)
  File "C:\Users\Michael\.virtualenvs\product-info-44_LSJ9R\lib\site-packages\rest_framework\views.py", line 469, in handle_exception
    self.raise_uncaught_exception(exc)
  File "C:\Users\Michael\.virtualenvs\product-info-44_LSJ9R\lib\site-packages\rest_framework\views.py", line 480, in raise_uncaught_exception
    raise exc
  File "C:\Users\Michael\.virtualenvs\product-info-44_LSJ9R\lib\site-packages\rest_framework\views.py", line 506, in dispatch
    response = handler(request, *args, **kwargs)
  File "C:\Users\Michael\.virtualenvs\product-info-44_LSJ9R\lib\site-packages\rest_framework\mixins.py", line 19, in create
    self.perform_create(serializer)
  File "C:\Users\Michael\.virtualenvs\product-info-44_LSJ9R\lib\site-packages\rest_framework\mixins.py", line 24, in perform_create
    serializer.save()
  File "C:\Users\Michael\.virtualenvs\product-info-44_LSJ9R\lib\site-packages\rest_framework\serializers.py", line 205, in save
    self.instance = self.create(validated_data)
  File "C:\Users\Michael\.virtualenvs\product-info-44_LSJ9R\lib\site-packages\rest_framework\serializers.py", line 939, in create
    instance = ModelClass._default_manager.create(**validated_data)
  File "C:\Users\Michael\.virtualenvs\product-info-44_LSJ9R\lib\site-packages\django\db\models\manager.py", line 85, in manager_method
    return getattr(self.get_queryset(), name)(*args, **kwargs)
  File "C:\Users\Michael\.virtualenvs\product-info-44_LSJ9R\lib\site-packages\django\db\models\query.py", line 453, in create
    obj.save(force_insert=True, using=self.db)
  File "C:\Users\Michael\.virtualenvs\product-info-44_LSJ9R\lib\site-packages\django\db\models\base.py", line 726, in save
    self.save_base(using=using, force_insert=force_insert,
  File "C:\Users\Michael\.virtualenvs\product-info-44_LSJ9R\lib\site-packages\django\db\models\base.py", line 763, in save_base
    updated = self._save_table(
  File "C:\Users\Michael\.virtualenvs\product-info-44_LSJ9R\lib\site-packages\django\db\models\base.py", line 868, in _save_table
    results = self._do_insert(cls._base_manager, using, fields, returning_fields, raw)
  File "C:\Users\Michael\.virtualenvs\product-info-44_LSJ9R\lib\site-packages\django\db\models\base.py", line 906, in _do_insert
    return manager._insert(
  File "C:\Users\Michael\.virtualenvs\product-info-44_LSJ9R\lib\site-packages\django\db\models\manager.py", line 85, in manager_method
    return getattr(self.get_queryset(), name)(*args, **kwargs)
  File "C:\Users\Michael\.virtualenvs\product-info-44_LSJ9R\lib\site-packages\django\db\models\query.py", line 1270, in _insert
    return query.get_compiler(using=using).execute_sql(returning_fields)
  File "C:\Users\Michael\.virtualenvs\product-info-44_LSJ9R\lib\site-packages\django\db\models\sql\compiler.py", line 1416, in execute_sql
    cursor.execute(sql, params)
  File "C:\Users\Michael\.virtualenvs\product-info-44_LSJ9R\lib\site-packages\django\db\backends\utils.py", line 98, in execute
    return super().execute(sql, params)
  File "C:\Users\Michael\.virtualenvs\product-info-44_LSJ9R\lib\site-packages\django\db\backends\utils.py", line 66, in execute
    return self._execute_with_wrappers(sql, params, many=False, executor=self._execute)
  File "C:\Users\Michael\.virtualenvs\product-info-44_LSJ9R\lib\site-packages\django\db\backends\utils.py", line 75, in _execute_with_wrappers
    return executor(sql, params, many, context)
  File "C:\Users\Michael\.virtualenvs\product-info-44_LSJ9R\lib\site-packages\django\db\backends\utils.py", line 84, in _execute
    return self.cursor.execute(sql, params)
  File "C:\Users\Michael\.virtualenvs\product-info-44_LSJ9R\lib\site-packages\django\db\utils.py", line 90, in __exit__
    raise dj_exc_value.with_traceback(traceback) from exc_value
  File "C:\Users\Michael\.virtualenvs\product-info-44_LSJ9R\lib\site-packages\django\db\backends\utils.py", line 84, in _execute
    return self.cursor.execute(sql, params)
  File "C:\Users\Michael\.virtualenvs\product-info-44_LSJ9R\lib\site-packages\django\db\backends\sqlite3\base.py", line 423, in execute
    return Database.Cursor.execute(self, query, params)
django.db.utils.IntegrityError: NOT NULL constraint failed: reviews_comment.product_id
Internal Server Error: /comment/
Traceback (most recent call last):
  File "C:\Users\Michael\.virtualenvs\product-info-44_LSJ9R\lib\site-packages\django\db\backends\utils.py", line 84, in _execute
    return self.cursor.execute(sql, params)
  File "C:\Users\Michael\.virtualenvs\product-info-44_LSJ9R\lib\site-packages\django\db\backends\sqlite3\base.py", line 423, in execute
    return Database.Cursor.execute(self, query, params)
sqlite3.IntegrityError: NOT NULL constraint failed: reviews_comment.product_id

The above exception was the direct cause of the following exception:

Traceback (most recent call last):
  File "C:\Users\Michael\.virtualenvs\product-info-44_LSJ9R\lib\site-packages\django\core\handlers\exception.py", line 47, in inner
    response = get_response(request)
  File "C:\Users\Michael\.virtualenvs\product-info-44_LSJ9R\lib\site-packages\django\core\handlers\base.py", line 181, in _get_response
    response = wrapped_callback(request, *callback_args, **callback_kwargs)
  File "C:\Users\Michael\.virtualenvs\product-info-44_LSJ9R\lib\site-packages\django\views\decorators\csrf.py", line 54, in wrapped_view
    return view_func(*args, **kwargs)
  File "C:\Users\Michael\.virtualenvs\product-info-44_LSJ9R\lib\site-packages\rest_framework\viewsets.py", line 125, in view
    return self.dispatch(request, *args, **kwargs)
  File "C:\Users\Michael\.virtualenvs\product-info-44_LSJ9R\lib\site-packages\rest_framework\views.py", line 509, in dispatch
    response = self.handle_exception(exc)
  File "C:\Users\Michael\.virtualenvs\product-info-44_LSJ9R\lib\site-packages\rest_framework\views.py", line 469, in handle_exception
    self.raise_uncaught_exception(exc)
  File "C:\Users\Michael\.virtualenvs\product-info-44_LSJ9R\lib\site-packages\rest_framework\views.py", line 480, in raise_uncaught_exception
    raise exc
  File "C:\Users\Michael\.virtualenvs\product-info-44_LSJ9R\lib\site-packages\rest_framework\views.py", line 506, in dispatch
    response = handler(request, *args, **kwargs)
  File "C:\Users\Michael\.virtualenvs\product-info-44_LSJ9R\lib\site-packages\rest_framework\mixins.py", line 19, in create
    self.perform_create(serializer)
  File "C:\Users\Michael\.virtualenvs\product-info-44_LSJ9R\lib\site-packages\rest_framework\mixins.py", line 24, in perform_create
    serializer.save()
  File "C:\Users\Michael\.virtualenvs\product-info-44_LSJ9R\lib\site-packages\rest_framework\serializers.py", line 205, in save
    self.instance = self.create(validated_data)
  File "C:\Users\Michael\.virtualenvs\product-info-44_LSJ9R\lib\site-packages\rest_framework\serializers.py", line 939, in create
    instance = ModelClass._default_manager.create(**validated_data)
  File "C:\Users\Michael\.virtualenvs\product-info-44_LSJ9R\lib\site-packages\django\db\models\manager.py", line 85, in manager_method
    return getattr(self.get_queryset(), name)(*args, **kwargs)
  File "C:\Users\Michael\.virtualenvs\product-info-44_LSJ9R\lib\site-packages\django\db\models\query.py", line 453, in create
    obj.save(force_insert=True, using=self.db)
  File "C:\Users\Michael\.virtualenvs\product-info-44_LSJ9R\lib\site-packages\django\db\models\base.py", line 726, in save
    self.save_base(using=using, force_insert=force_insert,
  File "C:\Users\Michael\.virtualenvs\product-info-44_LSJ9R\lib\site-packages\django\db\models\base.py", line 763, in save_base
    updated = self._save_table(
  File "C:\Users\Michael\.virtualenvs\product-info-44_LSJ9R\lib\site-packages\django\db\models\base.py", line 868, in _save_table
    results = self._do_insert(cls._base_manager, using, fields, returning_fields, raw)
  File "C:\Users\Michael\.virtualenvs\product-info-44_LSJ9R\lib\site-packages\django\db\models\base.py", line 906, in _do_insert
    return manager._insert(
  File "C:\Users\Michael\.virtualenvs\product-info-44_LSJ9R\lib\site-packages\django\db\models\manager.py", line 85, in manager_method
    return getattr(self.get_queryset(), name)(*args, **kwargs)
  File "C:\Users\Michael\.virtualenvs\product-info-44_LSJ9R\lib\site-packages\django\db\models\query.py", line 1270, in _insert
    return query.get_compiler(using=using).execute_sql(returning_fields)
  File "C:\Users\Michael\.virtualenvs\product-info-44_LSJ9R\lib\site-packages\django\db\models\sql\compiler.py", line 1416, in execute_sql
    cursor.execute(sql, params)
  File "C:\Users\Michael\.virtualenvs\product-info-44_LSJ9R\lib\site-packages\django\db\backends\utils.py", line 98, in execute
    return super().execute(sql, params)
  File "C:\Users\Michael\.virtualenvs\product-info-44_LSJ9R\lib\site-packages\django\db\backends\utils.py", line 66, in execute
    return self._execute_with_wrappers(sql, params, many=False, executor=self._execute)
  File "C:\Users\Michael\.virtualenvs\product-info-44_LSJ9R\lib\site-packages\django\db\backends\utils.py", line 75, in _execute_with_wrappers
    return executor(sql, params, many, context)
  File "C:\Users\Michael\.virtualenvs\product-info-44_LSJ9R\lib\site-packages\django\db\backends\utils.py", line 84, in _execute
    return self.cursor.execute(sql, params)
  File "C:\Users\Michael\.virtualenvs\product-info-44_LSJ9R\lib\site-packages\django\db\utils.py", line 90, in __exit__
    raise dj_exc_value.with_traceback(traceback) from exc_value
  File "C:\Users\Michael\.virtualenvs\product-info-44_LSJ9R\lib\site-packages\django\db\backends\utils.py", line 84, in _execute
    return self.cursor.execute(sql, params)
  File "C:\Users\Michael\.virtualenvs\product-info-44_LSJ9R\lib\site-packages\django\db\backends\sqlite3\base.py", line 423, in execute
    return Database.Cursor.execute(self, query, params)
django.db.utils.IntegrityError: NOT NULL constraint failed: reviews_comment.product_id
Not Found: /babel/parser/lib/index.js
Not Found: /babel/parser/lib/index.js
Not Found: /babel/parser/lib/index.js
Not Found: /babel/parser/lib/index.js
Not Found: /babel/parser/lib/index.js
Not Found: /babel/parser/lib/index.js
Not Found: /favicon.ico
Unauthorized: /comment/
Unauthorized: /image/
Method Not Allowed: /product/
Not Found: /favicon.ico
Not Found: /user/
